# JRE version: 7.0_25-b17
# Java VM: Java HotSpot(TM) 64-Bit Server VM (23.25-b01 mixed mode windows-amd64 compressed oops)
Heap
 PSYoungGen      total 929344K, used 864513K [0x00000007aaeb0000, 0x0000000800000000, 0x0000000800000000)
  eden space 464704K, 88% used [0x00000007aaeb0000,0x00000007c40e04b0,0x00000007c7480000)
  from space 464640K, 97% used [0x00000007e3a40000,0x00000007ff450020,0x0000000800000000)
  to   space 464640K, 69% used [0x00000007c7480000,0x00000007db0a0000,0x00000007e3a40000)
 ParOldGen       total 1218048K, used 673853K [0x0000000700c00000, 0x000000074b180000, 0x00000007aaeb0000)
  object space 1218048K, 55% used [0x0000000700c00000,0x0000000729e0f6b0,0x000000074b180000)
 PSPermGen       total 21248K, used 3737K [0x00000006fba00000, 0x00000006fcec0000, 0x0000000700c00000)
  object space 21248K, 17% used [0x00000006fba00000,0x00000006fbda6720,0x00000006fcec0000)
GC Heap History (10 events):
Event: 60.901 GC heap after
Heap after GC invocations=196 (full 59):
 PSYoungGen      total 929344K, used 41120K [0x00000007aaeb0000, 0x0000000800000000, 0x0000000800000000)
  eden space 464704K, 0% used [0x00000007aaeb0000,0x00000007aaeb0000,0x00000007c7480000)
  from space 464640K, 8% used [0x00000007c7480000,0x00000007c9ca8020,0x00000007e3a40000)
  to   space 464640K, 0% used [0x00000007e3a40000,0x00000007e3a40000,0x0000000800000000)
 ParOldGen       total 1218048K, used 399059K [0x0000000700c00000, 0x000000074b180000, 0x00000007aaeb0000)
  object space 1218048K, 32% used [0x0000000700c00000,0x00000007191b4fb0,0x000000074b180000)
 PSPermGen       total 21248K, used 3737K [0x00000006fba00000, 0x00000006fcec0000, 0x0000000700c00000)
  object space 21248K, 17% used [0x00000006fba00000,0x00000006fbda6720,0x00000006fcec0000)
}
Event: 61.036 GC heap before
{Heap before GC invocations=197 (full 59):
 PSYoungGen      total 929344K, used 190865K [0x00000007aaeb0000, 0x0000000800000000, 0x0000000800000000)
  eden space 464704K, 32% used [0x00000007aaeb0000,0x00000007b40ec620,0x00000007c7480000)
  from space 464640K, 8% used [0x00000007c7480000,0x00000007c9ca8020,0x00000007e3a40000)
  to   space 464640K, 0% used [0x00000007e3a40000,0x00000007e3a40000,0x0000000800000000)
 ParOldGen       total 1218048K, used 399059K [0x0000000700c00000, 0x000000074b180000, 0x00000007aaeb0000)
  object space 1218048K, 32% used [0x0000000700c00000,0x00000007191b4fb0,0x000000074b180000)
 PSPermGen       total 21248K, used 3737K [0x00000006fba00000, 0x00000006fcec0000, 0x0000000700c00000)
  object space 21248K, 17% used [0x00000006fba00000,0x00000006fbda6720,0x00000006fcec0000)
Event: 61.056 GC heap after
Heap after GC invocations=197 (full 59):
 PSYoungGen      total 929344K, used 46656K [0x00000007aaeb0000, 0x0000000800000000, 0x0000000800000000)
  eden space 464704K, 0% used [0x00000007aaeb0000,0x00000007aaeb0000,0x00000007c7480000)
  from space 464640K, 10% used [0x00000007e3a40000,0x00000007e67d0020,0x0000000800000000)
  to   space 464640K, 0% used [0x00000007c7480000,0x00000007c7480000,0x00000007e3a40000)
 ParOldGen       total 1218048K, used 399059K [0x0000000700c00000, 0x000000074b180000, 0x00000007aaeb0000)
  object space 1218048K, 32% used [0x0000000700c00000,0x00000007191b4fb0,0x000000074b180000)
 PSPermGen       total 21248K, used 3737K [0x00000006fba00000, 0x00000006fcec0000, 0x0000000700c00000)
  object space 21248K, 17% used [0x00000006fba00000,0x00000006fbda6720,0x00000006fcec0000)
}
Event: 61.056 GC heap before
{Heap before GC invocations=198 (full 60):
 PSYoungGen      total 929344K, used 46656K [0x00000007aaeb0000, 0x0000000800000000, 0x0000000800000000)
  eden space 464704K, 0% used [0x00000007aaeb0000,0x00000007aaeb0000,0x00000007c7480000)
  from space 464640K, 10% used [0x00000007e3a40000,0x00000007e67d0020,0x0000000800000000)
  to   space 464640K, 0% used [0x00000007c7480000,0x00000007c7480000,0x00000007e3a40000)
 ParOldGen       total 1218048K, used 399059K [0x0000000700c00000, 0x000000074b180000, 0x00000007aaeb0000)
  object space 1218048K, 32% used [0x0000000700c00000,0x00000007191b4fb0,0x000000074b180000)
 PSPermGen       total 21248K, used 3737K [0x00000006fba00000, 0x00000006fcec0000, 0x0000000700c00000)
  object space 21248K, 17% used [0x00000006fba00000,0x00000006fbda6720,0x00000006fcec0000)
Event: 61.178 GC heap after
Heap after GC invocations=198 (full 60):
 PSYoungGen      total 929344K, used 0K [0x00000007aaeb0000, 0x0000000800000000, 0x0000000800000000)
  eden space 464704K, 0% used [0x00000007aaeb0000,0x00000007aaeb0000,0x00000007c7480000)
  from space 464640K, 0% used [0x00000007e3a40000,0x00000007e3a40000,0x0000000800000000)
  to   space 464640K, 0% used [0x00000007c7480000,0x00000007c7480000,0x00000007e3a40000)
 ParOldGen       total 1218048K, used 396672K [0x0000000700c00000, 0x000000074b180000, 0x00000007aaeb0000)
  object space 1218048K, 32% used [0x0000000700c00000,0x0000000718f60010,0x000000074b180000)
 PSPermGen       total 21248K, used 3737K [0x00000006fba00000, 0x00000006fcec0000, 0x0000000700c00000)
  object space 21248K, 17% used [0x00000006fba00000,0x00000006fbda6720,0x00000006fcec0000)
}
Event: 61.434 GC heap before
{Heap before GC invocations=199 (full 60):
 PSYoungGen      total 929344K, used 464704K [0x00000007aaeb0000, 0x0000000800000000, 0x0000000800000000)
  eden space 464704K, 100% used [0x00000007aaeb0000,0x00000007c7480000,0x00000007c7480000)
  from space 464640K, 0% used [0x00000007e3a40000,0x00000007e3a40000,0x0000000800000000)
  to   space 464640K, 0% used [0x00000007c7480000,0x00000007c7480000,0x00000007e3a40000)
 ParOldGen       total 1218048K, used 396672K [0x0000000700c00000, 0x000000074b180000, 0x00000007aaeb0000)
  object space 1218048K, 32% used [0x0000000700c00000,0x0000000718f60010,0x000000074b180000)
 PSPermGen       total 21248K, used 3737K [0x00000006fba00000, 0x00000006fcec0000, 0x0000000700c00000)
  object space 21248K, 17% used [0x00000006fba00000,0x00000006fbda6720,0x00000006fcec0000)
Event: 61.477 GC heap after
Heap after GC invocations=199 (full 60):
 PSYoungGen      total 929344K, used 252000K [0x00000007aaeb0000, 0x0000000800000000, 0x0000000800000000)
  eden space 464704K, 0% used [0x00000007aaeb0000,0x00000007aaeb0000,0x00000007c7480000)
  from space 464640K, 54% used [0x00000007c7480000,0x00000007d6a98020,0x00000007e3a40000)
  to   space 464640K, 0% used [0x00000007e3a40000,0x00000007e3a40000,0x0000000800000000)
 ParOldGen       total 1218048K, used 396672K [0x0000000700c00000, 0x000000074b180000, 0x00000007aaeb0000)
  object space 1218048K, 32% used [0x0000000700c00000,0x0000000718f60010,0x000000074b180000)
 PSPermGen       total 21248K, used 3737K [0x00000006fba00000, 0x00000006fcec0000, 0x0000000700c00000)
  object space 21248K, 17% used [0x00000006fba00000,0x00000006fbda6720,0x00000006fcec0000)
}
Event: 61.785 GC heap before
{Heap before GC invocations=200 (full 60):
 PSYoungGen      total 929344K, used 716704K [0x00000007aaeb0000, 0x0000000800000000, 0x0000000800000000)
  eden space 464704K, 100% used [0x00000007aaeb0000,0x00000007c7480000,0x00000007c7480000)
  from space 464640K, 54% used [0x00000007c7480000,0x00000007d6a98020,0x00000007e3a40000)
  to   space 464640K, 0% used [0x00000007e3a40000,0x00000007e3a40000,0x0000000800000000)
 ParOldGen       total 1218048K, used 396672K [0x0000000700c00000, 0x000000074b180000, 0x00000007aaeb0000)
  object space 1218048K, 32% used [0x0000000700c00000,0x0000000718f60010,0x000000074b180000)
 PSPermGen       total 21248K, used 3737K [0x00000006fba00000, 0x00000006fcec0000, 0x0000000700c00000)
  object space 21248K, 17% used [0x00000006fba00000,0x00000006fbda6720,0x00000006fcec0000)
Event: 61.865 GC heap after
Heap after GC invocations=200 (full 60):
 PSYoungGen      total 929344K, used 452672K [0x00000007aaeb0000, 0x0000000800000000, 0x0000000800000000)
  eden space 464704K, 0% used [0x00000007aaeb0000,0x00000007aaeb0000,0x00000007c7480000)
  from space 464640K, 97% used [0x00000007e3a40000,0x00000007ff450020,0x0000000800000000)
  to   space 464640K, 0% used [0x00000007c7480000,0x00000007c7480000,0x00000007e3a40000)
 ParOldGen       total 1218048K, used 396672K [0x0000000700c00000, 0x000000074b180000, 0x00000007aaeb0000)
  object space 1218048K, 32% used [0x0000000700c00000,0x0000000718f60010,0x000000074b180000)
 PSPermGen       total 21248K, used 3737K [0x00000006fba00000, 0x00000006fcec0000, 0x0000000700c00000)
  object space 21248K, 17% used [0x00000006fba00000,0x00000006fbda6720,0x00000006fcec0000)
}
Event: 62.179 GC heap before
{Heap before GC invocations=201 (full 60):
 PSYoungGen      total 929344K, used 864513K [0x00000007aaeb0000, 0x0000000800000000, 0x0000000800000000)
  eden space 464704K, 88% used [0x00000007aaeb0000,0x00000007c40e04b0,0x00000007c7480000)
  from space 464640K, 97% used [0x00000007e3a40000,0x00000007ff450020,0x0000000800000000)
  to   space 464640K, 0% used [0x00000007c7480000,0x00000007c7480000,0x00000007e3a40000)
 ParOldGen       total 1218048K, used 396672K [0x0000000700c00000, 0x000000074b180000, 0x00000007aaeb0000)
  object space 1218048K, 32% used [0x0000000700c00000,0x0000000718f60010,0x000000074b180000)
 PSPermGen       total 21248K, used 3737K [0x00000006fba00000, 0x00000006fcec0000, 0x0000000700c00000)
  object space 21248K, 17% used [0x00000006fba00000,0x00000006fbda6720,0x00000006fcec0000)

