# JRE version: 7.0_25-b17
# Java VM: Java HotSpot(TM) 64-Bit Server VM (23.25-b01 mixed mode windows-amd64 compressed oops)
Heap
 PSYoungGen      total 522880K, used 10688K [0x00000007aaf60000, 0x00000007d69a0000, 0x0000000800000000)
  eden space 499392K, 0% used [0x00000007aaf60000,0x00000007aaf60000,0x00000007c9710000)
  from space 23488K, 45% used [0x00000007c9710000,0x00000007ca180000,0x00000007cae00000)
  to   space 22336K, 0% used [0x00000007d53d0000,0x00000007d53d0000,0x00000007d69a0000)
 ParOldGen       total 174208K, used 70566K [0x0000000700e00000, 0x000000070b820000, 0x00000007aaf60000)
  object space 174208K, 40% used [0x0000000700e00000,0x00000007052e9880,0x000000070b820000)
 PSPermGen       total 25856K, used 11262K [0x00000006fbc00000, 0x00000006fd540000, 0x0000000700e00000)
  object space 25856K, 43% used [0x00000006fbc00000,0x00000006fc6ffbd8,0x00000006fd540000)
GC Heap History (10 events):
Event: 53.129 GC heap after
Heap after GC invocations=11 (full 1):
 PSYoungGen      total 433728K, used 14752K [0x00000007aaf60000, 0x00000007cd150000, 0x0000000800000000)
  eden space 418944K, 0% used [0x00000007aaf60000,0x00000007aaf60000,0x00000007c4880000)
  from space 14784K, 99% used [0x00000007cc2e0000,0x00000007cd148000,0x00000007cd150000)
  to   space 21120K, 0% used [0x00000007ca810000,0x00000007ca810000,0x00000007cbcb0000)
 ParOldGen       total 174208K, used 33841K [0x0000000700e00000, 0x000000070b820000, 0x00000007aaf60000)
  object space 174208K, 19% used [0x0000000700e00000,0x0000000702f0c610,0x000000070b820000)
 PSPermGen       total 22784K, used 11247K [0x00000006fbc00000, 0x00000006fd240000, 0x0000000700e00000)
  object space 22784K, 49% used [0x00000006fbc00000,0x00000006fc6fbe50,0x00000006fd240000)
}
Event: 54.123 GC heap before
{Heap before GC invocations=12 (full 1):
 PSYoungGen      total 433728K, used 130023K [0x00000007aaf60000, 0x00000007cd150000, 0x0000000800000000)
  eden space 418944K, 27% used [0x00000007aaf60000,0x00000007b1ff1dd0,0x00000007c4880000)
  from space 14784K, 99% used [0x00000007cc2e0000,0x00000007cd148000,0x00000007cd150000)
  to   space 21120K, 0% used [0x00000007ca810000,0x00000007ca810000,0x00000007cbcb0000)
 ParOldGen       total 174208K, used 33841K [0x0000000700e00000, 0x000000070b820000, 0x00000007aaf60000)
  object space 174208K, 19% used [0x0000000700e00000,0x0000000702f0c610,0x000000070b820000)
 PSPermGen       total 22784K, used 11252K [0x00000006fbc00000, 0x00000006fd240000, 0x0000000700e00000)
  object space 22784K, 49% used [0x00000006fbc00000,0x00000006fc6fd088,0x00000006fd240000)
Event: 54.134 GC heap after
Heap after GC invocations=12 (full 1):
 PSYoungGen      total 422336K, used 3360K [0x00000007aaf60000, 0x00000007cc2f0000, 0x0000000800000000)
  eden space 418944K, 0% used [0x00000007aaf60000,0x00000007aaf60000,0x00000007c4880000)
  from space 3392K, 99% used [0x00000007ca810000,0x00000007cab58000,0x00000007cab60000)
  to   space 21440K, 0% used [0x00000007cae00000,0x00000007cae00000,0x00000007cc2f0000)
 ParOldGen       total 174208K, used 48561K [0x0000000700e00000, 0x000000070b820000, 0x00000007aaf60000)
  object space 174208K, 27% used [0x0000000700e00000,0x0000000703d6c610,0x000000070b820000)
 PSPermGen       total 22784K, used 11252K [0x00000006fbc00000, 0x00000006fd240000, 0x0000000700e00000)
  object space 22784K, 49% used [0x00000006fbc00000,0x00000006fc6fd088,0x00000006fd240000)
}
Event: 54.134 GC heap before
{Heap before GC invocations=13 (full 2):
 PSYoungGen      total 422336K, used 3360K [0x00000007aaf60000, 0x00000007cc2f0000, 0x0000000800000000)
  eden space 418944K, 0% used [0x00000007aaf60000,0x00000007aaf60000,0x00000007c4880000)
  from space 3392K, 99% used [0x00000007ca810000,0x00000007cab58000,0x00000007cab60000)
  to   space 21440K, 0% used [0x00000007cae00000,0x00000007cae00000,0x00000007cc2f0000)
 ParOldGen       total 174208K, used 48561K [0x0000000700e00000, 0x000000070b820000, 0x00000007aaf60000)
  object space 174208K, 27% used [0x0000000700e00000,0x0000000703d6c610,0x000000070b820000)
 PSPermGen       total 22784K, used 11252K [0x00000006fbc00000, 0x00000006fd240000, 0x0000000700e00000)
  object space 22784K, 49% used [0x00000006fbc00000,0x00000006fc6fd088,0x00000006fd240000)
Event: 54.192 GC heap after
Heap after GC invocations=13 (full 2):
 PSYoungGen      total 422336K, used 0K [0x00000007aaf60000, 0x00000007cc2f0000, 0x0000000800000000)
  eden space 418944K, 0% used [0x00000007aaf60000,0x00000007aaf60000,0x00000007c4880000)
  from space 3392K, 0% used [0x00000007ca810000,0x00000007ca810000,0x00000007cab60000)
  to   space 21440K, 0% used [0x00000007cae00000,0x00000007cae00000,0x00000007cc2f0000)
 ParOldGen       total 174208K, used 51710K [0x0000000700e00000, 0x000000070b820000, 0x00000007aaf60000)
  object space 174208K, 29% used [0x0000000700e00000,0x000000070407f880,0x000000070b820000)
 PSPermGen       total 25856K, used 11252K [0x00000006fbc00000, 0x00000006fd540000, 0x0000000700e00000)
  object space 25856K, 43% used [0x00000006fbc00000,0x00000006fc6fd088,0x00000006fd540000)
}
Event: 54.801 GC heap before
{Heap before GC invocations=14 (full 2):
 PSYoungGen      total 422336K, used 418944K [0x00000007aaf60000, 0x00000007cc2f0000, 0x0000000800000000)
  eden space 418944K, 100% used [0x00000007aaf60000,0x00000007c4880000,0x00000007c4880000)
  from space 3392K, 0% used [0x00000007ca810000,0x00000007ca810000,0x00000007cab60000)
  to   space 21440K, 0% used [0x00000007cae00000,0x00000007cae00000,0x00000007cc2f0000)
 ParOldGen       total 174208K, used 51710K [0x0000000700e00000, 0x000000070b820000, 0x00000007aaf60000)
  object space 174208K, 29% used [0x0000000700e00000,0x000000070407f880,0x000000070b820000)
 PSPermGen       total 25856K, used 11252K [0x00000006fbc00000, 0x00000006fd540000, 0x0000000700e00000)
  object space 25856K, 43% used [0x00000006fbc00000,0x00000006fc6fd268,0x00000006fd540000)
Event: 54.810 GC heap after
Heap after GC invocations=14 (full 2):
 PSYoungGen      total 520832K, used 18880K [0x00000007aaf60000, 0x00000007d6be0000, 0x0000000800000000)
  eden space 499392K, 0% used [0x00000007aaf60000,0x00000007aaf60000,0x00000007c9710000)
  from space 21440K, 88% used [0x00000007cae00000,0x00000007cc070000,0x00000007cc2f0000)
  to   space 23488K, 0% used [0x00000007c9710000,0x00000007c9710000,0x00000007cae00000)
 ParOldGen       total 174208K, used 51710K [0x0000000700e00000, 0x000000070b820000, 0x00000007aaf60000)
  object space 174208K, 29% used [0x0000000700e00000,0x000000070407f880,0x000000070b820000)
 PSPermGen       total 25856K, used 11252K [0x00000006fbc00000, 0x00000006fd540000, 0x0000000700e00000)
  object space 25856K, 43% used [0x00000006fbc00000,0x00000006fc6fd268,0x00000006fd540000)
}
Event: 79.715 GC heap before
{Heap before GC invocations=15 (full 2):
 PSYoungGen      total 520832K, used 293201K [0x00000007aaf60000, 0x00000007d6be0000, 0x0000000800000000)
  eden space 499392K, 54% used [0x00000007aaf60000,0x00000007bbb44778,0x00000007c9710000)
  from space 21440K, 88% used [0x00000007cae00000,0x00000007cc070000,0x00000007cc2f0000)
  to   space 23488K, 0% used [0x00000007c9710000,0x00000007c9710000,0x00000007cae00000)
 ParOldGen       total 174208K, used 51710K [0x0000000700e00000, 0x000000070b820000, 0x00000007aaf60000)
  object space 174208K, 29% used [0x0000000700e00000,0x000000070407f880,0x000000070b820000)
 PSPermGen       total 25856K, used 11262K [0x00000006fbc00000, 0x00000006fd540000, 0x0000000700e00000)
  object space 25856K, 43% used [0x00000006fbc00000,0x00000006fc6ffbd8,0x00000006fd540000)
Event: 79.729 GC heap after
Heap after GC invocations=15 (full 2):
 PSYoungGen      total 522880K, used 10688K [0x00000007aaf60000, 0x00000007d69a0000, 0x0000000800000000)
  eden space 499392K, 0% used [0x00000007aaf60000,0x00000007aaf60000,0x00000007c9710000)
  from space 23488K, 45% used [0x00000007c9710000,0x00000007ca180000,0x00000007cae00000)
  to   space 22336K, 0% used [0x00000007d53d0000,0x00000007d53d0000,0x00000007d69a0000)
 ParOldGen       total 174208K, used 70566K [0x0000000700e00000, 0x000000070b820000, 0x00000007aaf60000)
  object space 174208K, 40% used [0x0000000700e00000,0x00000007052e9880,0x000000070b820000)
 PSPermGen       total 25856K, used 11262K [0x00000006fbc00000, 0x00000006fd540000, 0x0000000700e00000)
  object space 25856K, 43% used [0x00000006fbc00000,0x00000006fc6ffbd8,0x00000006fd540000)
}
Event: 79.729 GC heap before
{Heap before GC invocations=16 (full 3):
 PSYoungGen      total 522880K, used 10688K [0x00000007aaf60000, 0x00000007d69a0000, 0x0000000800000000)
  eden space 499392K, 0% used [0x00000007aaf60000,0x00000007aaf60000,0x00000007c9710000)
  from space 23488K, 45% used [0x00000007c9710000,0x00000007ca180000,0x00000007cae00000)
  to   space 22336K, 0% used [0x00000007d53d0000,0x00000007d53d0000,0x00000007d69a0000)
 ParOldGen       total 174208K, used 70566K [0x0000000700e00000, 0x000000070b820000, 0x00000007aaf60000)
  object space 174208K, 40% used [0x0000000700e00000,0x00000007052e9880,0x000000070b820000)
 PSPermGen       total 25856K, used 11262K [0x00000006fbc00000, 0x00000006fd540000, 0x0000000700e00000)
  object space 25856K, 43% used [0x00000006fbc00000,0x00000006fc6ffbd8,0x00000006fd540000)

